[0m[1mvault_identity_oidc_key.docs_registry_publish: Refreshing state... [id=docs-registry-publish][0m
[0m[1mvault_policy.gitops_pr["hair-booking-gitops-pr"]: Refreshing state... [id=gha-hair-booking-gitops-pr][0m
[0m[1mvault_policy.gitops_pr["bot-signup-gitops-pr"]: Refreshing state... [id=gha-bot-signup-gitops-pr][0m
[0m[1mvault_policy.gitops_pr["goja-hosting-site-gitops-pr"]: Refreshing state... [id=gha-goja-hosting-site-gitops-pr][0m
[0m[1mdata.vault_kv_secret_v2.crib_k3s_gitops_pr_token: Reading...[0m[0m
[0m[1mvault_identity_oidc.docs_registry: Refreshing state... [id=https://vault.yolo.scapegoat.dev][0m
[0m[1mvault_policy.gitops_pr["almanach-render-service-gitops-pr"]: Refreshing state... [id=gha-almanach-render-service-gitops-pr][0m
[0m[1mvault_jwt_auth_backend.github_actions: Refreshing state... [id=github-actions][0m
[0m[1mdata.vault_kv_secret_v2.crib_k3s_gitops_pr_token: Read complete after 0s [id=kv/data/ci/github/gitops-pr-token][0m
[0m[1mkubernetes_secret_v1.argocd_repo_crib_k3s: Refreshing state... [id=argocd/repo-crib-k3s][0m
[0m[1mvault_identity_oidc_role.docsctl_publish["sqleton"]: Refreshing state... [id=docsctl-sqleton-publisher][0m
[0m[1mvault_identity_oidc_role.docsctl_publish["remarquee"]: Refreshing state... [id=docsctl-remarquee-publisher][0m
[0m[1mvault_identity_oidc_role.docsctl_publish["go-go-goja"]: Refreshing state... [id=docsctl-go-go-goja-publisher][0m
[0m[1mvault_identity_oidc_role.docsctl_publish["glazed"]: Refreshing state... [id=docsctl-glazed-publisher][0m
[0m[1mvault_identity_oidc_role.docsctl_publish["pinocchio"]: Refreshing state... [id=docsctl-pinocchio-publisher][0m
[0m[1mvault_identity_oidc_role.docsctl_publish["loupedeck"]: Refreshing state... [id=docsctl-loupedeck-publisher][0m
[0m[1mvault_jwt_auth_backend_role.gitops_pr["almanach-render-service-gitops-pr"]: Refreshing state... [id=auth/github-actions/role/almanach-render-service-gitops-pr][0m
[0m[1mvault_jwt_auth_backend_role.gitops_pr["hair-booking-gitops-pr"]: Refreshing state... [id=auth/github-actions/role/hair-booking-gitops-pr][0m
[0m[1mvault_jwt_auth_backend_role.gitops_pr["bot-signup-gitops-pr"]: Refreshing state... [id=auth/github-actions/role/bot-signup-gitops-pr][0m
[0m[1mvault_jwt_auth_backend_role.gitops_pr["goja-hosting-site-gitops-pr"]: Refreshing state... [id=auth/github-actions/role/goja-hosting-site-gitops-pr][0m
[0m[1mvault_identity_oidc_role.docsctl_publish["css-visual-diff"]: Refreshing state... [id=docsctl-css-visual-diff-publisher][0m
[0m[1mvault_identity_oidc_role.docsctl_publish["go-minitrace"]: Refreshing state... [id=docsctl-go-minitrace-publisher][0m
[0m[1mvault_identity_oidc_role.docsctl_publish["discord-bot"]: Refreshing state... [id=docsctl-discord-bot-publisher][0m
[0m[1mvault_identity_oidc_role.docsctl_publish["workspace-manager"]: Refreshing state... [id=docsctl-workspace-manager-publisher][0m
[0m[1mvault_policy.docsctl_publish["sqleton"]: Refreshing state... [id=gha-docsctl-sqleton-publish][0m
[0m[1mvault_policy.docsctl_publish["go-minitrace"]: Refreshing state... [id=gha-docsctl-go-minitrace-publish][0m
[0m[1mvault_policy.docsctl_publish["remarquee"]: Refreshing state... [id=gha-docsctl-remarquee-publish][0m
[0m[1mvault_policy.docsctl_publish["pinocchio"]: Refreshing state... [id=gha-docsctl-pinocchio-publish][0m
[0m[1mvault_policy.docsctl_publish["go-go-goja"]: Refreshing state... [id=gha-docsctl-go-go-goja-publish][0m
[0m[1mvault_policy.docsctl_publish["workspace-manager"]: Refreshing state... [id=gha-docsctl-workspace-manager-publish][0m
[0m[1mvault_policy.docsctl_publish["discord-bot"]: Refreshing state... [id=gha-docsctl-discord-bot-publish][0m
[0m[1mvault_policy.docsctl_publish["glazed"]: Refreshing state... [id=gha-docsctl-glazed-publish][0m
[0m[1mvault_policy.docsctl_publish["css-visual-diff"]: Refreshing state... [id=gha-docsctl-css-visual-diff-publish][0m
[0m[1mvault_policy.docsctl_publish["loupedeck"]: Refreshing state... [id=gha-docsctl-loupedeck-publish][0m
[0m[1mvault_jwt_auth_backend_role.docsctl_publish["loupedeck"]: Refreshing state... [id=auth/github-actions/role/docsctl-loupedeck-publisher][0m
[0m[1mvault_jwt_auth_backend_role.docsctl_publish["discord-bot"]: Refreshing state... [id=auth/github-actions/role/docsctl-discord-bot-publisher][0m
[0m[1mvault_jwt_auth_backend_role.docsctl_publish["go-go-goja"]: Refreshing state... [id=auth/github-actions/role/docsctl-go-go-goja-publisher][0m
[0m[1mvault_jwt_auth_backend_role.docsctl_publish["glazed"]: Refreshing state... [id=auth/github-actions/role/docsctl-glazed-publisher][0m
[0m[1mvault_jwt_auth_backend_role.docsctl_publish["css-visual-diff"]: Refreshing state... [id=auth/github-actions/role/docsctl-css-visual-diff-publisher][0m
[0m[1mvault_jwt_auth_backend_role.docsctl_publish["pinocchio"]: Refreshing state... [id=auth/github-actions/role/docsctl-pinocchio-publisher][0m
[0m[1mvault_jwt_auth_backend_role.docsctl_publish["workspace-manager"]: Refreshing state... [id=auth/github-actions/role/docsctl-workspace-manager-publisher][0m
[0m[1mvault_jwt_auth_backend_role.docsctl_publish["sqleton"]: Refreshing state... [id=auth/github-actions/role/docsctl-sqleton-publisher][0m
[0m[1mvault_jwt_auth_backend_role.docsctl_publish["go-minitrace"]: Refreshing state... [id=auth/github-actions/role/docsctl-go-minitrace-publisher][0m
[0m[1mvault_jwt_auth_backend_role.docsctl_publish["remarquee"]: Refreshing state... [id=auth/github-actions/role/docsctl-remarquee-publisher][0m

[0m[1m[32mNo changes.[0m[1m Your infrastructure matches the configuration.[0m

[0mTerraform has compared your real infrastructure against your configuration
and found no differences, so no changes are needed.
