=== css-visual-diff ===
ok css-visual-diff log=/home/manuel/code/wesen/go-go-golems/infra-tooling/ttmp/2026/05/27/INFRA-002--roll-out-glazed-cli-policy-linting-across-go-go-golems-repositories/scripts/../sources/glazed-lint-logs/css-visual-diff.log
=== discord-bot ===
ok discord-bot log=/home/manuel/code/wesen/go-go-golems/infra-tooling/ttmp/2026/05/27/INFRA-002--roll-out-glazed-cli-policy-linting-across-go-go-golems-repositories/scripts/../sources/glazed-lint-logs/discord-bot.log
=== geppetto ===
ok geppetto log=/home/manuel/code/wesen/go-go-golems/infra-tooling/ttmp/2026/05/27/INFRA-002--roll-out-glazed-cli-policy-linting-across-go-go-golems-repositories/scripts/../sources/glazed-lint-logs/geppetto.log
=== glazed ===
ok glazed log=/home/manuel/code/wesen/go-go-golems/infra-tooling/ttmp/2026/05/27/INFRA-002--roll-out-glazed-cli-policy-linting-across-go-go-golems-repositories/scripts/../sources/glazed-lint-logs/glazed.log
=== go-go-goja ===
ok go-go-goja log=/home/manuel/code/wesen/go-go-golems/infra-tooling/ttmp/2026/05/27/INFRA-002--roll-out-glazed-cli-policy-linting-across-go-go-golems-repositories/scripts/../sources/glazed-lint-logs/go-go-goja.log
=== goja-git ===
ok goja-git log=/home/manuel/code/wesen/go-go-golems/infra-tooling/ttmp/2026/05/27/INFRA-002--roll-out-glazed-cli-policy-linting-across-go-go-golems-repositories/scripts/../sources/glazed-lint-logs/goja-git.log
=== go-minitrace ===
ok go-minitrace log=/home/manuel/code/wesen/go-go-golems/infra-tooling/ttmp/2026/05/27/INFRA-002--roll-out-glazed-cli-policy-linting-across-go-go-golems-repositories/scripts/../sources/glazed-lint-logs/go-minitrace.log
=== loupedeck ===
ok loupedeck log=/home/manuel/code/wesen/go-go-golems/infra-tooling/ttmp/2026/05/27/INFRA-002--roll-out-glazed-cli-policy-linting-across-go-go-golems-repositories/scripts/../sources/glazed-lint-logs/loupedeck.log
=== pinocchio ===
ok pinocchio log=/home/manuel/code/wesen/go-go-golems/infra-tooling/ttmp/2026/05/27/INFRA-002--roll-out-glazed-cli-policy-linting-across-go-go-golems-repositories/scripts/../sources/glazed-lint-logs/pinocchio.log
=== workspace-manager ===
ok workspace-manager log=/home/manuel/code/wesen/go-go-golems/infra-tooling/ttmp/2026/05/27/INFRA-002--roll-out-glazed-cli-policy-linting-across-go-go-golems-repositories/scripts/../sources/glazed-lint-logs/workspace-manager.log
